  [4;36;1mSQL (0.3ms)[0m   [0;1mSET NAMES 'UTF8'[0m
  [4;35;1mSQL (0.1ms)[0m   [0mSET SQL_AUTO_IS_NULL=0[0m
  [4;36;1mSQL (0.4ms)[0m   [0;1mSHOW TABLES[0m
  [4;35;1mSQL (44.6ms)[0m   [0mCREATE TABLE `schema_migrations` (`version` varchar(255) NOT NULL) ENGINE=InnoDB[0m
  [4;36;1mSQL (11.9ms)[0m   [0;1mCREATE UNIQUE INDEX `unique_schema_migrations` ON `schema_migrations` (`version`)[0m
  [4;35;1mSQL (0.4ms)[0m   [0mSHOW TABLES[0m
  [4;36;1mSQL (0.4ms)[0m   [0;1mSELECT version FROM schema_migrations[0m
Migrating to CreateCmsLayouts (20090303165425)
  [4;35;1mSQL (5.8ms)[0m   [0mCREATE TABLE `cms_layouts` (`id` int(11) DEFAULT NULL auto_increment PRIMARY KEY, `parent_id` int(11), `label` varchar(255), `content` text, `created_at` datetime, `updated_at` datetime) ENGINE=InnoDB[0m
  [4;36;1mSQL (11.3ms)[0m   [0;1mCREATE INDEX `index_cms_layouts_on_parent_id` ON `cms_layouts` (`parent_id`)[0m
  [4;35;1mSQL (12.7ms)[0m   [0mCREATE INDEX `index_cms_layouts_on_label` ON `cms_layouts` (`label`)[0m
  [4;36;1mSQL (0.3ms)[0m   [0;1mINSERT INTO schema_migrations (version) VALUES ('20090303165425')[0m
Migrating to CreateCmsPages (20090303165432)
  [4;35;1mSQL (6.6ms)[0m   [0mCREATE TABLE `cms_pages` (`id` int(11) DEFAULT NULL auto_increment PRIMARY KEY, `layout_id` int(11), `parent_id` int(11), `label` varchar(255), `slug` varchar(255), `full_path` varchar(255), `content` text, `created_at` datetime, `updated_at` datetime) ENGINE=InnoDB[0m
  [4;36;1mSQL (12.6ms)[0m   [0;1mCREATE INDEX `index_cms_pages_on_parent_id` ON `cms_pages` (`parent_id`)[0m
  [4;35;1mSQL (12.3ms)[0m   [0mCREATE INDEX `index_cms_pages_on_slug` ON `cms_pages` (`slug`)[0m
  [4;36;1mSQL (12.4ms)[0m   [0;1mCREATE INDEX `index_cms_pages_on_full_path` ON `cms_pages` (`full_path`)[0m
  [4;35;1mSQL (0.3ms)[0m   [0mINSERT INTO schema_migrations (version) VALUES ('20090303165432')[0m
Migrating to CreateCmsSnippets (20090303165445)
  [4;36;1mSQL (6.7ms)[0m   [0;1mCREATE TABLE `cms_snippets` (`id` int(11) DEFAULT NULL auto_increment PRIMARY KEY, `label` varchar(255), `content` text, `created_at` datetime, `updated_at` datetime) ENGINE=InnoDB[0m
  [4;35;1mSQL (11.0ms)[0m   [0mCREATE INDEX `index_cms_snippets_on_label` ON `cms_snippets` (`label`)[0m
  [4;36;1mSQL (0.2ms)[0m   [0;1mINSERT INTO schema_migrations (version) VALUES ('20090303165445')[0m
Migrating to CreateCmsSubstitutions (20090303165454)
  [4;35;1mSQL (8.5ms)[0m   [0mCREATE TABLE `cms_substitutions` (`id` int(11) DEFAULT NULL auto_increment PRIMARY KEY, `page_id` int(11), `snippet_id` int(11), `created_at` datetime, `updated_at` datetime) ENGINE=InnoDB[0m
  [4;36;1mSQL (11.4ms)[0m   [0;1mCREATE UNIQUE INDEX `index_cms_substitutions_on_page_id_and_snippet_id` ON `cms_substitutions` (`page_id`, `snippet_id`)[0m
  [4;35;1mSQL (0.2ms)[0m   [0mINSERT INTO schema_migrations (version) VALUES ('20090303165454')[0m
  [4;36;1mSQL (0.6ms)[0m   [0;1mSHOW TABLES[0m
  [4;35;1mSQL (0.3ms)[0m   [0mSELECT version FROM schema_migrations[0m
  [4;36;1mSQL (0.4ms)[0m   [0;1mSHOW TABLES[0m
  [4;35;1mSQL (1.4ms)[0m   [0mSHOW FIELDS FROM `cms_layouts`[0m
  [4;36;1mSQL (1.7ms)[0m   [0;1mdescribe `cms_layouts`[0m
  [4;35;1mSQL (1.1ms)[0m   [0mSHOW KEYS FROM `cms_layouts`[0m
  [4;36;1mSQL (1.5ms)[0m   [0;1mSHOW FIELDS FROM `cms_pages`[0m
  [4;35;1mSQL (2.4ms)[0m   [0mdescribe `cms_pages`[0m
  [4;36;1mSQL (1.9ms)[0m   [0;1mSHOW KEYS FROM `cms_pages`[0m
  [4;35;1mSQL (1.2ms)[0m   [0mSHOW FIELDS FROM `cms_snippets`[0m
  [4;36;1mSQL (7.7ms)[0m   [0;1mdescribe `cms_snippets`[0m
  [4;35;1mSQL (0.4ms)[0m   [0mSHOW KEYS FROM `cms_snippets`[0m
  [4;36;1mSQL (1.2ms)[0m   [0;1mSHOW FIELDS FROM `cms_substitutions`[0m
  [4;35;1mSQL (1.4ms)[0m   [0mdescribe `cms_substitutions`[0m
  [4;36;1mSQL (1.0ms)[0m   [0;1mSHOW KEYS FROM `cms_substitutions`[0m
  [4;36;1mSQL (0.3ms)[0m   [0;1mSET NAMES 'UTF8'[0m
  [4;35;1mSQL (0.1ms)[0m   [0mSET SQL_AUTO_IS_NULL=0[0m


Processing ContentController#show (for 127.0.0.1 at 2009-03-03 12:31:15) [GET]
  Parameters: {"path"=>[]}

ActionView::MissingTemplate (Missing template content/show.erb in view path app/views):
  

Rendering rescues/layout (internal_server_error)
  [4;36;1mSQL (0.2ms)[0m   [0;1mSET NAMES 'UTF8'[0m
  [4;35;1mSQL (0.1ms)[0m   [0mSET SQL_AUTO_IS_NULL=0[0m


Processing ContentController#show (for 127.0.0.1 at 2009-03-03 12:31:37) [GET]
  Parameters: {"path"=>[]}
Completed in 3ms (View: 1, DB: 0) | 200 OK [http://comatoast.local/]
  [4;36;1mSQL (0.2ms)[0m   [0;1mSET NAMES 'UTF8'[0m
  [4;35;1mSQL (0.1ms)[0m   [0mSET SQL_AUTO_IS_NULL=0[0m
  [4;36;1mSQL (0.4ms)[0m   [0;1mSET NAMES 'UTF8'[0m
  [4;35;1mSQL (0.1ms)[0m   [0mSET SQL_AUTO_IS_NULL=0[0m
  [4;36;1mSQL (0.2ms)[0m   [0;1mSET NAMES 'UTF8'[0m
  [4;35;1mSQL (0.1ms)[0m   [0mSET SQL_AUTO_IS_NULL=0[0m
